[debug] [2025-05-23T10:14:22.512Z] ----------------------------------------------------------------------
[debug] [2025-05-23T10:14:22.514Z] Command:       /nix/store/rbdrkcs5kkwpalxcd7c6bnm33lk2955n-nodejs-20.19.0/bin/node /nix/store/x1y0l2xj62jgmz6csprhhqzibvdggdpk-firebase-tools-14.3.1/lib/node_modules/firebase-tools/lib/bin/firebase.js init hosting
[debug] [2025-05-23T10:14:22.515Z] CLI Version:   14.3.1
[debug] [2025-05-23T10:14:22.515Z] Platform:      linux
[debug] [2025-05-23T10:14:22.515Z] Node Version:  v20.19.0
[debug] [2025-05-23T10:14:22.515Z] Time:          Fri May 23 2025 10:14:22 GMT+0000 (Coordinated Universal Time)
[debug] [2025-05-23T10:14:22.516Z] ----------------------------------------------------------------------
[debug] 
[debug] [2025-05-23T10:14:23.002Z] > command requires scopes: ["email","openid","https://www.googleapis.com/auth/cloudplatformprojects.readonly","https://www.googleapis.com/auth/firebase","https://www.googleapis.com/auth/cloud-platform"]
[debug] [2025-05-23T10:14:23.003Z] > authorizing via signed-in user (chris@proformai.biz)
[debug] [2025-05-23T10:14:23.006Z] No OAuth tokens found
[debug] [2025-05-23T10:14:23.007Z] No OAuth tokens found
[debug] [2025-05-23T10:14:23.007Z] > command requires scopes: ["email","openid","https://www.googleapis.com/auth/cloudplatformprojects.readonly","https://www.googleapis.com/auth/firebase","https://www.googleapis.com/auth/cloud-platform"]
[debug] [2025-05-23T10:14:23.007Z] > authorizing via signed-in user (chris@proformai.biz)
[debug] [2025-05-23T10:14:23.009Z] >>> [apiv2][query] GET https://serviceusage.googleapis.com/v1/projects/157334631059/services/cloudresourcemanager.googleapis.com [none]
[debug] [2025-05-23T10:14:23.009Z] >>> [apiv2][(partial)header] GET https://serviceusage.googleapis.com/v1/projects/157334631059/services/cloudresourcemanager.googleapis.com x-goog-quota-user=projects/157334631059
[debug] [2025-05-23T10:14:23.419Z] <<< [apiv2][status] GET https://serviceusage.googleapis.com/v1/projects/157334631059/services/cloudresourcemanager.googleapis.com 200
[debug] [2025-05-23T10:14:23.419Z] <<< [apiv2][body] GET https://serviceusage.googleapis.com/v1/projects/157334631059/services/cloudresourcemanager.googleapis.com [omitted]
[debug] [2025-05-23T10:14:23.420Z] No OAuth tokens found
[debug] [2025-05-23T10:14:23.421Z] No OAuth tokens found
[debug] [2025-05-23T10:14:23.421Z] > command requires scopes: ["email","openid","https://www.googleapis.com/auth/cloudplatformprojects.readonly","https://www.googleapis.com/auth/firebase","https://www.googleapis.com/auth/cloud-platform"]
[debug] [2025-05-23T10:14:23.421Z] > authorizing via signed-in user (chris@proformai.biz)
[debug] [2025-05-23T10:14:23.421Z] >>> [apiv2][query] GET https://cloudresourcemanager.googleapis.com/v1/projects/157334631059 [none]
[debug] [2025-05-23T10:14:23.556Z] <<< [apiv2][status] GET https://cloudresourcemanager.googleapis.com/v1/projects/157334631059 200
[debug] [2025-05-23T10:14:23.557Z] <<< [apiv2][body] GET https://cloudresourcemanager.googleapis.com/v1/projects/157334631059 {"projectNumber":"157334631059","projectId":"tattoos-by-stefan","lifecycleState":"ACTIVE","name":"Tattoos by Stefan","labels":{"firebase":"enabled","firebase-core":"disabled"},"createTime":"2025-05-22T04:44:27.176712Z","parent":{"type":"organization","id":"841071279427"}}
[debug] [2025-05-23T10:14:23.557Z] > command requires scopes: ["email","openid","https://www.googleapis.com/auth/cloudplatformprojects.readonly","https://www.googleapis.com/auth/firebase","https://www.googleapis.com/auth/cloud-platform"]
[debug] [2025-05-23T10:14:23.558Z] > authorizing via signed-in user (chris@proformai.biz)
[info] 
     ######## #### ########  ######## ########     ###     ######  ########
     ##        ##  ##     ## ##       ##     ##  ##   ##  ##       ##
     ######    ##  ########  ######   ########  #########  ######  ######
     ##        ##  ##    ##  ##       ##     ## ##     ##       ## ##
     ##       #### ##     ## ######## ########  ##     ##  ######  ########

You're about to initialize a Firebase project in this directory:

  /home/user/tattoosbystefan

Before we get started, keep in mind:

  * You are initializing within an existing Firebase project directory

[info] 
=== Project Setup
[info] 
[info] First, let's associate this project directory with a Firebase project.
[info] You can create multiple project aliases by running firebase use --add, 
[info] but for now we'll just set up a default project.
[info] 
[debug] [2025-05-23T10:14:23.565Z] Using project from CLI flag: 157334631059
[debug] [2025-05-23T10:14:23.566Z] No OAuth tokens found
[debug] [2025-05-23T10:14:23.566Z] No OAuth tokens found
[debug] [2025-05-23T10:14:23.566Z] > command requires scopes: ["email","openid","https://www.googleapis.com/auth/cloudplatformprojects.readonly","https://www.googleapis.com/auth/firebase","https://www.googleapis.com/auth/cloud-platform"]
[debug] [2025-05-23T10:14:23.566Z] > authorizing via signed-in user (chris@proformai.biz)
[debug] [2025-05-23T10:14:23.567Z] >>> [apiv2][query] GET https://firebase.googleapis.com/v1beta1/projects/157334631059 [none]
[debug] [2025-05-23T10:14:23.965Z] <<< [apiv2][status] GET https://firebase.googleapis.com/v1beta1/projects/157334631059 200
[debug] [2025-05-23T10:14:23.966Z] <<< [apiv2][body] GET https://firebase.googleapis.com/v1beta1/projects/157334631059 {"projectId":"tattoos-by-stefan","projectNumber":"157334631059","displayName":"Tattoos by Stefan","name":"projects/tattoos-by-stefan","resources":{"hostingSite":"tattoos-by-stefan"},"state":"ACTIVE","etag":"1_fa8942f1-1513-4cf2-956f-6e36a9b766ba"}
[info] i  Using project tattoos-by-stefan (Tattoos by Stefan) 
[info] 
=== Hosting Setup
[debug] [2025-05-23T10:14:23.979Z] No OAuth tokens found
[debug] [2025-05-23T10:14:23.979Z] No OAuth tokens found
[debug] [2025-05-23T10:14:23.979Z] > command requires scopes: ["email","openid","https://www.googleapis.com/auth/cloudplatformprojects.readonly","https://www.googleapis.com/auth/firebase","https://www.googleapis.com/auth/cloud-platform"]
[debug] [2025-05-23T10:14:23.979Z] > authorizing via signed-in user (chris@proformai.biz)
[debug] [2025-05-23T10:14:23.980Z] >>> [apiv2][query] GET https://firebase.googleapis.com/v1beta1/projects/tattoos-by-stefan [none]
[debug] [2025-05-23T10:14:24.299Z] <<< [apiv2][status] GET https://firebase.googleapis.com/v1beta1/projects/tattoos-by-stefan 200
[debug] [2025-05-23T10:14:24.299Z] <<< [apiv2][body] GET https://firebase.googleapis.com/v1beta1/projects/tattoos-by-stefan {"projectId":"tattoos-by-stefan","projectNumber":"157334631059","displayName":"Tattoos by Stefan","name":"projects/tattoos-by-stefan","resources":{"hostingSite":"tattoos-by-stefan"},"state":"ACTIVE","etag":"1_fa8942f1-1513-4cf2-956f-6e36a9b766ba"}
